This file contains any messages produced by compilers while
running configure, to aid debugging if configure makes a mistake.

It was created by pdf2svg configure 0.2.1, which was
generated by GNU Autoconf 2.61.  Invocation command line was

  $ ./configure --prefix=/usr/local

## --------- ##
## Platform. ##
## --------- ##

hostname = vulcanCom-PC
uname -m = x86_64
uname -r = 1.7.22(0.268/5/3)
uname -s = CYGWIN_NT-6.1
uname -v = 2013-07-22 17:06

/usr/bin/uname -p = unknown
/bin/uname -X     = unknown

/bin/arch              = x86_64
/usr/bin/arch -k       = unknown
/usr/convex/getsysinfo = unknown
/usr/bin/hostinfo      = unknown
/bin/machine           = unknown
/usr/bin/oslevel       = unknown
/bin/universe          = unknown

PATH: /usr/local/bin
PATH: /usr/bin
PATH: /cygdrive/c/Program Files (x86)/AMD APP/bin/x86_64
PATH: /cygdrive/c/Program Files (x86)/AMD APP/bin/x86
PATH: /cygdrive/c/Windows/system32
PATH: /cygdrive/c/Windows
PATH: /cygdrive/c/Windows/System32/Wbem
PATH: /cygdrive/c/Windows/System32/WindowsPowerShell/v1.0
PATH: /cygdrive/c/Program Files (x86)/ATI Technologies/ATI.ACE/Core-Static
PATH: /cygdrive/c/Program Files/TortoiseSVN/bin
PATH: /cygdrive/c/PROGRAM FILES (X86)/JAVA/JDK1.6.0_32/BIN
PATH: /cygdrive/c/PROGRAM FILES (X86)/ANDROID/ANDROID-SDK/PLATFORM-TOOLS
PATH: /cygdrive/c/PROGRAM FILES (X86)/ANDROID/ANDROID-SDK
PATH: /cygdrive/c/PROGRAM FILES (X86)/ANDROID/ANDROID-SDK/TOOLS
PATH: /cygdrive/c/Program Files/TortoiseGit/bin
PATH: /cygdrive/c/Program Files (x86)/SWFTools
PATH: /cygdrive/c/Program Files/gs/gs9.07/bin
PATH: /usr/lib/lapack


## ----------- ##
## Core tests. ##
## ----------- ##

configure:1757: checking for a BSD-compatible install
configure:1813: result: /usr/bin/install -c
configure:1824: checking whether build environment is sane
configure:1867: result: yes
configure:1895: checking for a thread-safe mkdir -p
configure:1934: result: /usr/bin/mkdir -p
configure:1947: checking for gawk
configure:1963: found /usr/bin/gawk
configure:1974: result: gawk
configure:1985: checking whether make sets $(MAKE)
configure:2006: result: yes
configure:2244: checking for gcc
configure:2260: found /usr/bin/gcc
configure:2271: result: gcc
configure:2509: checking for C compiler version
configure:2516: gcc --version >&5
gcc (GCC) 4.8.1
Copyright (C) 2013 Free Software Foundation, Inc.
This is free software; see the source for copying conditions.  There is NO
warranty; not even for MERCHANTABILITY or FITNESS FOR A PARTICULAR PURPOSE.

configure:2519: $? = 0
configure:2526: gcc -v >&5
Using built-in specs.
COLLECT_GCC=gcc
COLLECT_LTO_WRAPPER=/usr/lib/gcc/x86_64-pc-cygwin/4.8.1/lto-wrapper.exe
Target: x86_64-pc-cygwin
Configured with: /cygdrive/i/szsz/tmpp/cygwin64/gcc/gcc-4.8.1-3/src/gcc-4.8.1/configure --srcdir=/cygdrive/i/szsz/tmpp/cygwin64/gcc/gcc-4.8.1-3/src/gcc-4.8.1 --prefix=/usr --exec-prefix=/usr --bindir=/usr/bin --sbindir=/usr/sbin --libexecdir=/usr/lib --datadir=/usr/share --localstatedir=/var --sysconfdir=/etc --datarootdir=/usr/share --docdir=/usr/share/doc/gcc -C --build=x86_64-pc-cygwin --host=x86_64-pc-cygwin --target=x86_64-pc-cygwin --without-libiconv-prefix --without-libintl-prefix --enable-shared --enable-shared-libgcc --enable-static --enable-version-specific-runtime-libs --enable-bootstrap --disable-__cxa_atexit --with-dwarf2 --with-tune=generic --enable-languages=c,c++,fortran,lto,objc,obj-c++ --enable-graphite --enable-threads=posix --enable-libatomic --enable-libgomp --disable-libitm --enable-libquadmath --enable-libquadmath-support --enable-libssp --enable-libgcj-sublibs --disable-java-awt --disable-symvers --with-ecj-jar=/usr/share/java/ecj.jar --with-gnu-ld --with-gnu-as --with-cloog-include=/usr/include/cloog-isl --without-libiconv-prefix --without-libintl-prefix --with-system-zlib
Thread model: posix
gcc version 4.8.1 (GCC) 
configure:2529: $? = 0
configure:2536: gcc -V >&5
gcc: error: unrecognized command line option '-V'
gcc: fatal error: no input files
compilation terminated.
configure:2539: $? = 1
configure:2562: checking for C compiler default output file name
configure:2589: gcc    conftest.c  >&5
configure:2592: $? = 0
configure:2630: result: a.exe
configure:2647: checking whether the C compiler works
configure:2657: ./a.exe
configure:2660: $? = 0
configure:2677: result: yes
configure:2684: checking whether we are cross compiling
configure:2686: result: no
configure:2689: checking for suffix of executables
configure:2696: gcc -o conftest.exe    conftest.c  >&5
configure:2699: $? = 0
configure:2723: result: .exe
configure:2729: checking for suffix of object files
configure:2755: gcc -c   conftest.c >&5
configure:2758: $? = 0
configure:2781: result: o
configure:2785: checking whether we are using the GNU C compiler
configure:2814: gcc -c   conftest.c >&5
configure:2820: $? = 0
configure:2837: result: yes
configure:2842: checking whether gcc accepts -g
configure:2872: gcc -c -g  conftest.c >&5
configure:2878: $? = 0
configure:2977: result: yes
configure:2994: checking for gcc option to accept ISO C89
configure:3068: gcc  -c -g -O2  conftest.c >&5
configure:3074: $? = 0
configure:3097: result: none needed
configure:3126: checking for style of include used by make
configure:3154: result: GNU
configure:3179: checking dependency style of gcc
configure:3270: result: gcc3
configure:3288: checking for an ANSI C-conforming const
configure:3363: gcc -c -g -O2  conftest.c >&5
configure:3369: $? = 0
configure:3384: result: yes
configure:3445: checking for pkg-config
configure:3463: found /usr/bin/pkg-config
configure:3475: result: /usr/bin/pkg-config
configure:3504: checking pkg-config is at least version 0.9.0
configure:3507: result: yes
configure:3518: checking for CAIRO
configure:3526: $PKG_CONFIG --exists --print-errors "cairo >= 1.2.6"
configure:3529: $? = 0
configure:3544: $PKG_CONFIG --exists --print-errors "cairo >= 1.2.6"
configure:3547: $? = 0
configure:3623: result: yes
configure:3630: checking for POPPLERGLIB
configure:3638: $PKG_CONFIG --exists --print-errors "poppler-glib >= 0.5.4"
configure:3641: $? = 0
configure:3656: $PKG_CONFIG --exists --print-errors "poppler-glib >= 0.5.4"
configure:3659: $? = 0
configure:3735: result: yes
configure:3742: checking for GTK2
configure:3750: $PKG_CONFIG --exists --print-errors "gtk+-2.0"
configure:3753: $? = 0
configure:3768: $PKG_CONFIG --exists --print-errors "gtk+-2.0"
configure:3771: $? = 0
configure:3847: result: yes
configure:3999: creating ./config.status

## ---------------------- ##
## Running config.status. ##
## ---------------------- ##

This file was extended by pdf2svg config.status 0.2.1, which was
generated by GNU Autoconf 2.61.  Invocation command line was

  CONFIG_FILES    = 
  CONFIG_HEADERS  = 
  CONFIG_LINKS    = 
  CONFIG_COMMANDS = 
  $ ./config.status 

on vulcanCom-PC

config.status:622: creating Makefile
config.status:813: executing depfiles commands

## ---------------- ##
## Cache variables. ##
## ---------------- ##

ac_cv_c_compiler_gnu=yes
ac_cv_c_const=yes
ac_cv_env_CAIRO_CFLAGS_set=
ac_cv_env_CAIRO_CFLAGS_value=
ac_cv_env_CAIRO_LIBS_set=
ac_cv_env_CAIRO_LIBS_value=
ac_cv_env_CC_set=
ac_cv_env_CC_value=
ac_cv_env_CFLAGS_set=
ac_cv_env_CFLAGS_value=
ac_cv_env_CPPFLAGS_set=
ac_cv_env_CPPFLAGS_value=
ac_cv_env_GTK2_CFLAGS_set=
ac_cv_env_GTK2_CFLAGS_value=
ac_cv_env_GTK2_LIBS_set=
ac_cv_env_GTK2_LIBS_value=
ac_cv_env_LDFLAGS_set=
ac_cv_env_LDFLAGS_value=
ac_cv_env_LIBS_set=
ac_cv_env_LIBS_value=
ac_cv_env_PKG_CONFIG_set=
ac_cv_env_PKG_CONFIG_value=
ac_cv_env_POPPLERGLIB_CFLAGS_set=
ac_cv_env_POPPLERGLIB_CFLAGS_value=
ac_cv_env_POPPLERGLIB_LIBS_set=
ac_cv_env_POPPLERGLIB_LIBS_value=
ac_cv_env_build_alias_set=
ac_cv_env_build_alias_value=
ac_cv_env_host_alias_set=
ac_cv_env_host_alias_value=
ac_cv_env_target_alias_set=
ac_cv_env_target_alias_value=
ac_cv_exeext=.exe
ac_cv_objext=o
ac_cv_path_ac_pt_PKG_CONFIG=/usr/bin/pkg-config
ac_cv_path_install='/usr/bin/install -c'
ac_cv_path_mkdir=/usr/bin/mkdir
ac_cv_prog_AWK=gawk
ac_cv_prog_ac_ct_CC=gcc
ac_cv_prog_cc_c89=
ac_cv_prog_cc_g=yes
ac_cv_prog_make_make_set=yes
am_cv_CC_dependencies_compiler_type=gcc3
pkg_cv_CAIRO_CFLAGS='-I/usr/include/cairo -I/usr/include/glib-2.0 -I/usr/lib/glib-2.0/include -I/usr/include/pixman-1 -I/usr/include/freetype2 -I/usr/include/libpng15  '
pkg_cv_CAIRO_LIBS='-lcairo -lgobject-2.0 -lffi -lpixman-1 -lfontconfig -lexpat -lfreetype -lbz2 -lpng15 -lm -lz -lxcb-shm -lxcb-render -lXrender -lXext -lglib-2.0 -lintl -liconv -lpcre -lX11 -lxcb -lXau -lXdmcp  '
pkg_cv_GTK2_CFLAGS='-D_REENTRANT -I/usr/include/gtk-2.0 -I/usr/lib/gtk-2.0/include -I/usr/include/atk-1.0 -I/usr/include/cairo -I/usr/include/gdk-pixbuf-2.0 -I/usr/include/pango-1.0 -I/usr/include/gio-unix-2.0/ -I/usr/include/glib-2.0 -I/usr/lib/glib-2.0/include -I/usr/include/pixman-1 -I/usr/include/freetype2 -I/usr/include/libpng15 -I/usr/include/harfbuzz  '
pkg_cv_GTK2_LIBS='-lgtk-x11-2.0 -lgdk-x11-2.0 -latk-1.0 -lpangocairo-1.0 -lXinerama -lXi -lXrandr -lXcursor -lXcomposite -lXdamage -lgdk_pixbuf-2.0 -lpangoft2-1.0 -lgio-2.0 -lXfixes -lcairo -lpixman-1 -lxcb-shm -lxcb-render -lXrender -lXext -lX11 -lxcb -lXau -lXdmcp -lpng15 -lharfbuzz -lpango-1.0 -lm -lfontconfig -lexpat -lfreetype -lz -lbz2 -lgmodule-2.0 -lgobject-2.0 -lffi -lglib-2.0 -lintl -liconv -lpcre  '
pkg_cv_POPPLERGLIB_CFLAGS='-D_REENTRANT -I/usr/include/poppler/glib -I/usr/include/poppler -I/usr/include/glib-2.0 -I/usr/lib/glib-2.0/include -I/usr/include/cairo -I/usr/include/pixman-1 -I/usr/include/freetype2 -I/usr/include/libpng15  '
pkg_cv_POPPLERGLIB_LIBS='-lpoppler-glib -lpoppler -lgio-2.0 -lcairo -lgmodule-2.0 -lgobject-2.0 -lffi -lpixman-1 -lfontconfig -lexpat -lfreetype -lbz2 -lpng15 -lm -lz -lxcb-shm -lxcb-render -lXrender -lXext -lglib-2.0 -lintl -liconv -lpcre -lX11 -lxcb -lXau -lXdmcp  '

## ----------------- ##
## Output variables. ##
## ----------------- ##

ACLOCAL='${SHELL} /home/vulcanCom/pdf2svg/pdf2svg-0.2.2/missing --run aclocal-1.10'
AMDEPBACKSLASH='\'
AMDEP_FALSE='#'
AMDEP_TRUE=''
AMTAR='${SHELL} /home/vulcanCom/pdf2svg/pdf2svg-0.2.2/missing --run tar'
AUTOCONF='${SHELL} /home/vulcanCom/pdf2svg/pdf2svg-0.2.2/missing --run autoconf'
AUTOHEADER='${SHELL} /home/vulcanCom/pdf2svg/pdf2svg-0.2.2/missing --run autoheader'
AUTOMAKE='${SHELL} /home/vulcanCom/pdf2svg/pdf2svg-0.2.2/missing --run automake-1.10'
AWK='gawk'
CAIRO_CFLAGS='-I/usr/include/cairo -I/usr/include/glib-2.0 -I/usr/lib/glib-2.0/include -I/usr/include/pixman-1 -I/usr/include/freetype2 -I/usr/include/libpng15  '
CAIRO_LIBS='-lcairo -lgobject-2.0 -lffi -lpixman-1 -lfontconfig -lexpat -lfreetype -lbz2 -lpng15 -lm -lz -lxcb-shm -lxcb-render -lXrender -lXext -lglib-2.0 -lintl -liconv -lpcre -lX11 -lxcb -lXau -lXdmcp  '
CC='gcc'
CCDEPMODE='depmode=gcc3'
CFLAGS='-g -O2'
CPPFLAGS=''
CYGPATH_W='cygpath -w'
DEFS='-DPACKAGE_NAME=\"pdf2svg\" -DPACKAGE_TARNAME=\"pdf2svg\" -DPACKAGE_VERSION=\"0.2.1\" -DPACKAGE_STRING=\"pdf2svg\ 0.2.1\" -DPACKAGE_BUGREPORT=\"David\ Barton\ \<davebarton@cityinthesky.co.uk\>\" -DPACKAGE=\"pdf2svg\" -DVERSION=\"0.2.1\"'
DEPDIR='.deps'
ECHO_C=''
ECHO_N='-n'
ECHO_T=''
EXEEXT='.exe'
GTK2_CFLAGS='-D_REENTRANT -I/usr/include/gtk-2.0 -I/usr/lib/gtk-2.0/include -I/usr/include/atk-1.0 -I/usr/include/cairo -I/usr/include/gdk-pixbuf-2.0 -I/usr/include/pango-1.0 -I/usr/include/gio-unix-2.0/ -I/usr/include/glib-2.0 -I/usr/lib/glib-2.0/include -I/usr/include/pixman-1 -I/usr/include/freetype2 -I/usr/include/libpng15 -I/usr/include/harfbuzz  '
GTK2_LIBS='-lgtk-x11-2.0 -lgdk-x11-2.0 -latk-1.0 -lpangocairo-1.0 -lXinerama -lXi -lXrandr -lXcursor -lXcomposite -lXdamage -lgdk_pixbuf-2.0 -lpangoft2-1.0 -lgio-2.0 -lXfixes -lcairo -lpixman-1 -lxcb-shm -lxcb-render -lXrender -lXext -lX11 -lxcb -lXau -lXdmcp -lpng15 -lharfbuzz -lpango-1.0 -lm -lfontconfig -lexpat -lfreetype -lz -lbz2 -lgmodule-2.0 -lgobject-2.0 -lffi -lglib-2.0 -lintl -liconv -lpcre  '
INSTALL_DATA='${INSTALL} -m 644'
INSTALL_PROGRAM='${INSTALL}'
INSTALL_SCRIPT='${INSTALL}'
INSTALL_STRIP_PROGRAM='$(install_sh) -c -s'
LDFLAGS=''
LIBOBJS=''
LIBS=''
LTLIBOBJS=''
MAKEINFO='${SHELL} /home/vulcanCom/pdf2svg/pdf2svg-0.2.2/missing --run makeinfo'
OBJEXT='o'
PACKAGE='pdf2svg'
PACKAGE_BUGREPORT='David Barton <davebarton@cityinthesky.co.uk>'
PACKAGE_NAME='pdf2svg'
PACKAGE_STRING='pdf2svg 0.2.1'
PACKAGE_TARNAME='pdf2svg'
PACKAGE_VERSION='0.2.1'
PATH_SEPARATOR=':'
PKG_CONFIG='/usr/bin/pkg-config'
POPPLERGLIB_CFLAGS='-D_REENTRANT -I/usr/include/poppler/glib -I/usr/include/poppler -I/usr/include/glib-2.0 -I/usr/lib/glib-2.0/include -I/usr/include/cairo -I/usr/include/pixman-1 -I/usr/include/freetype2 -I/usr/include/libpng15  '
POPPLERGLIB_LIBS='-lpoppler-glib -lpoppler -lgio-2.0 -lcairo -lgmodule-2.0 -lgobject-2.0 -lffi -lpixman-1 -lfontconfig -lexpat -lfreetype -lbz2 -lpng15 -lm -lz -lxcb-shm -lxcb-render -lXrender -lXext -lglib-2.0 -lintl -liconv -lpcre -lX11 -lxcb -lXau -lXdmcp  '
SET_MAKE=''
SHELL='/bin/sh'
STRIP=''
VERSION='0.2.1'
ac_ct_CC='gcc'
am__fastdepCC_FALSE='#'
am__fastdepCC_TRUE=''
am__include='include'
am__isrc=''
am__leading_dot='.'
am__quote=''
am__tar='${AMTAR} chof - "$$tardir"'
am__untar='${AMTAR} xf -'
bindir='${exec_prefix}/bin'
build_alias=''
datadir='${datarootdir}'
datarootdir='${prefix}/share'
docdir='${datarootdir}/doc/${PACKAGE_TARNAME}'
dvidir='${docdir}'
exec_prefix='${prefix}'
host_alias=''
htmldir='${docdir}'
includedir='${prefix}/include'
infodir='${datarootdir}/info'
install_sh='$(SHELL) /home/vulcanCom/pdf2svg/pdf2svg-0.2.2/install-sh'
libdir='${exec_prefix}/lib'
libexecdir='${exec_prefix}/libexec'
localedir='${datarootdir}/locale'
localstatedir='${prefix}/var'
mandir='${datarootdir}/man'
mkdir_p='/usr/bin/mkdir -p'
oldincludedir='/usr/include'
pdfdir='${docdir}'
prefix='/usr/local'
program_transform_name='s,x,x,'
psdir='${docdir}'
sbindir='${exec_prefix}/sbin'
sharedstatedir='${prefix}/com'
sysconfdir='${prefix}/etc'
target_alias=''

## ----------- ##
## confdefs.h. ##
## ----------- ##

#define PACKAGE_NAME "pdf2svg"
#define PACKAGE_TARNAME "pdf2svg"
#define PACKAGE_VERSION "0.2.1"
#define PACKAGE_STRING "pdf2svg 0.2.1"
#define PACKAGE_BUGREPORT "David Barton <davebarton@cityinthesky.co.uk>"
#define PACKAGE "pdf2svg"
#define VERSION "0.2.1"

configure: exit 0
